Method:MLE_Weibull
n=20
X
2980.41 , 3330.36 , 4947.71 , 5320.58 , 6235.71 , 6713.08 , 7330.52 , 8231.18 , 8774.06 , 8821.44 , 9099.06 , 9630.01 , 12068.3 , 13032.4 , 13125.4 , 13158.1 , 15129 , 17312.1 , 22853.1 , 23826.4 , 
R
1 , 0 , 1 , 0 , 0 , 1 , 0 , 0 , 0 , 0 , 1 , 0 , 0 , 0 , 1 , 0 , 0 , 0 , 0 , 1 , 
cp*=2
cko*=0
Q=1.2829e-09
icount=28
numres=1
ifault=0
x[0]=0.471
x[1]=9.57605
P
0.025 ; 0.075 ; 0.125 ; 0.175 ; 0.225 ; 0.275 ; 0.325 ; 0.375 ; 0.425 ; 0.475 ; 0.525 ; 0.575 ; 0.625 ; 0.675 ; 0.725 ; 0.775 ; 0.825 ; 0.875 ; 0.925 ; 0.975 ; 0.99 ; 0.995 ; 
Xplow
6.81591 ; 7.62561 ; 8.00881 ; 8.26593 ; 8.4617 ; 8.62115 ; 8.75664 ; 8.87521 ; 8.98126 ; 9.07778 ; 9.16691 ; 9.25033 ; 9.32946 ; 9.40559 ; 9.48012 ; 9.55471 ; 9.63173 ; 9.71524 ; 9.81435 ; 9.96531 ; 10.0561 ; 10.1124 ; 
Xp
7.84453 ; 8.37427 ; 8.62773 ; 8.79969 ; 8.93223 ; 9.0417 ; 9.13621 ; 9.22043 ; 9.29735 ; 9.36904 ; 9.43704 ; 9.50263 ; 9.56693 ; 9.63107 ; 9.69634 ; 9.76439 ; 9.83773 ; 9.92086 ; 10.0243 ; 10.1909 ; 10.2953 ; 10.3614 ; 
Xpup
8.31094 ; 8.72725 ; 8.93064 ; 9.0715 ; 9.18249 ; 9.27639 ; 9.35963 ; 9.43599 ; 9.50797 ; 9.57736 ; 9.64561 ; 9.71398 ; 9.78367 ; 9.85599 ; 9.93252 ; 10.0154 ; 10.1081 ; 10.217 ; 10.3574 ; 10.5918 ; 10.7428 ; 10.8394 ; 
v11=1.44636
v12=-0.118619
v21=-0.118619
v22=0.790957
