Method:MLE_Normal
n=20
X
4.67302 , 4.74194 , 4.78888 , 4.82151 , 4.85065 , 4.8704 , 4.91116 , 4.92531 , 4.96284 , 4.98 , 5.0607 , 5.08991 , 5.1271 , 5.15229 , 5.18469 , 5.21484 , 5.24304 , 5.28556 , 5.34439 , 5.50786 , 
R
1 , 0 , 1 , 0 , 0 , 1 , 0 , 0 , 0 , 0 , 1 , 0 , 0 , 0 , 1 , 0 , 0 , 0 , 0 , 1 , 
cp*=5.04647
cko*=0.187819
Q=1.87817e-07
icount=185
numres=18
ifault=0
x[0]=5.11454
x[1]=0.222256
P
0.01 ; 0.05 ; 0.1 ; 0.2 ; 0.3 ; 0.5 ; 0.7 ; 0.8 ; 0.9 ; 0.95 ; 0.99 ; 
Xplow
4.3068 ; 4.52642 ; 4.64091 ; 4.77534 ; 4.86793 ; 5.00925 ; 5.13356 ; 5.20165 ; 5.29007 ; 5.35961 ; 5.48519 ; 
Xp
4.59749 ; 4.74896 ; 4.82971 ; 4.92748 ; 4.99799 ; 5.11454 ; 5.23109 ; 5.3016 ; 5.39937 ; 5.48012 ; 5.63159 ; 
Xpup
4.74389 ; 4.86947 ; 4.93901 ; 5.02742 ; 5.09552 ; 5.21983 ; 5.36116 ; 5.45374 ; 5.58817 ; 5.70266 ; 5.92228 ; 
v11=1.42856
v12=2.33101e-05
v21=2.33101e-05
v22=0.714273
