k=5
n=9
X
1 , 18.35 , 9 , 5 , 0.65 , 
1 , 17.5 , 12.5 , 3.75 , 1.7 , 
1 , 16 , 4.5 , 4.5 , 1.7 , 
1 , 17.5 , 11 , 4.75 , 1.6 , 
1 , 18 , 14 , 5 , 1.35 , 
1 , 8 , 5.5 , 2.5 , 1 , 
1 , 2 , 16 , 4.45 , 0.2 , 
1 , 5 , 0 , 0 , 0.15 , 
1 , 11 , 0 , 2.5 , 1 , 
Y
2200 , 2450 , 2050 , 2050 , 2400 , 1700 , 1600 , 1450 , 1550 , 
b
1177.4 , 53.0679 , 38.8186 , -70.2981 , 32.6203 , 
D{b}
0.802012 , -0.0165738 , -0.00145093 , -0.107711 , -0.0790432 , 
-0.0165738 , 0.0106134 , 0.00310315 , -0.0214383 , -0.0623714 , 
-0.00145093 , 0.00310315 , 0.00974744 , -0.0328794 , 0.00230642 , 
-0.107711 , -0.0214383 , -0.0328794 , 0.181391 , -0.0110091 , 
-0.0790432 , -0.0623714 , 0.00230642 , -0.0110091 , 0.852536 , 
Yr
2170.27 , 2383.16 , 1940.28 , 2251.37 , 2368.63 , 1672.32 , 1598.33 , 1447.63 , 1618.02 , 