Method:MLS_Weibull
n=20
X
7.99982 , 8.11083 , 8.50668 , 8.57934 , 8.73805 , 8.81181 , 8.8998 , 9.01568 , 9.07955 , 9.08494 , 9.11593 , 9.17264 , 9.39833 , 9.4752 , 9.4823 , 9.48479 , 9.62437 , 9.75916 , 10.0368 , 10.0786 , 
Yr
7.53951 , 8.0771 , 8.35204 , 8.54063 , 8.68652 , 8.80717 , 8.91139 , 9.00428 , 9.0891 , 9.16811 , 9.24302 , 9.3152 , 9.38589 , 9.4563 , 9.52779 , 9.6021 , 9.6818 , 9.77139 , 9.88076 , 10.0434 , 
cp*=9.12273
cko*=0.568366
cp=9.40525
cko=0.521373
P
0.025 ; 0.075 ; 0.125 ; 0.175 ; 0.225 ; 0.275 ; 0.325 ; 0.375 ; 0.425 ; 0.475 ; 0.525 ; 0.575 ; 0.625 ; 0.675 ; 0.725 ; 0.775 ; 0.825 ; 0.875 ; 0.925 ; 0.975 ; 0.99 ; 0.995 ; 
Xplow
7.32559 ; 7.95349 ; 8.25322 ; 8.45612 ; 8.61214 ; 8.74066 ; 8.85129 ; 8.94954 ; 9.03894 ; 9.1219 ; 9.20022 ; 9.27535 ; 9.34856 ; 9.42111 ; 9.4944 ; 9.57021 ; 9.65122 ; 9.74223 ; 9.85439 ; 10.0329 ; 10.1439 ; 10.2138 ; 
Xp
7.48856 ; 8.07495 ; 8.35551 ; 8.54586 ; 8.69258 ; 8.81375 ; 8.91837 ; 9.01161 ; 9.09675 ; 9.17611 ; 9.25138 ; 9.32398 ; 9.39516 ; 9.46616 ; 9.53841 ; 9.61374 ; 9.69492 ; 9.78695 ; 9.90147 ; 10.0858 ; 10.2015 ; 10.2746 ; 
Xpup
7.62825 ; 8.17974 ; 8.44429 ; 8.62423 ; 8.7633 ; 8.8785 ; 8.97829 ; 9.06755 ; 9.1494 ; 9.22604 ; 9.29912 ; 9.37001 ; 9.43995 ; 9.51021 ; 9.58223 ; 9.65793 ; 9.74019 ; 9.83427 ; 9.95245 ; 10.1447 ; 10.2663 ; 10.3435 ; 
t11=0.0559198
t22=-0.0119162
t12=0.033152
