Method:MLS_Normal
n=20
X
4.67302 , 4.74194 , 4.78888 , 4.82151 , 4.85065 , 4.8704 , 4.91116 , 4.92531 , 4.96284 , 4.98 , 5.0607 , 5.08991 , 5.1271 , 5.15229 , 5.18469 , 5.21484 , 5.24304 , 5.28556 , 5.34439 , 5.50786 , 
Yr
4.61282 , 4.71746 , 4.78022 , 4.82784 , 4.86766 , 4.90283 , 4.93502 , 4.96528 , 4.9943 , 5.02263 , 5.05075 , 5.07909 , 5.10811 , 5.13836 , 5.17055 , 5.20572 , 5.24554 , 5.29316 , 5.35593 , 5.46056 , 
cp*=5.0368
cko*=0.220731
cp=5.03669
cko=0.226768
P
0.01 ; 0.05 ; 0.1 ; 0.2 ; 0.3 ; 0.5 ; 0.7 ; 0.8 ; 0.9 ; 0.95 ; 0.99 ; 
Xplow
4.28946 ; 4.49336 ; 4.59994 ; 4.72571 ; 4.81312 ; 4.94901 ; 5.07214 ; 5.14096 ; 5.23136 ; 5.30305 ; 5.43335 ; 
Xp
4.50915 ; 4.66369 ; 4.74608 ; 4.84584 ; 4.91777 ; 5.03669 ; 5.15561 ; 5.22754 ; 5.32731 ; 5.40969 ; 5.56423 ; 
Xpup
4.64003 ; 4.77033 ; 4.84202 ; 4.93242 ; 5.00125 ; 5.12437 ; 5.26026 ; 5.34767 ; 5.47344 ; 5.58003 ; 5.78393 ; 
t11=0.0500093
t22=2.15313e-17
t12=0.0269307
